<?xml version="1.0" encoding="UTF-8"?>
<!-- Generated by org.testng.reporters.JUnitXMLReporter -->
<testsuite hostname="admin-PC" ignored="1" name="Default test" tests="7" failures="0" timestamp="17 Jul 2018 10:04:57 GMT" time="0.362" errors="0">
  <testcase name="@BeforeTest verify_launch" time="0.0" classname="com.pagelibrary.com.ranford.TestExecution">
    <failure type="org.testng.TestNGException" message="
Parameter &amp;apos;nodeUrl&amp;apos; is required by BeforeTest on method verify_launch but has not been marked @Optional or defined
in C:\Users\admin\AppData\Local\Temp\testng-eclipse--852433894\testng-customsuite.xml">
      <![CDATA[org.testng.TestNGException: Parameter 'nodeUrl' is required by BeforeTest on method verify_launch but has not been marked @Optional or definedin C:\Users\admin\AppData\Local\Temp\testng-eclipse--852433894\testng-customsuite.xmlat org.testng.internal.Parameters.createParams(Parameters.java:290)at org.testng.internal.Parameters.createParametersForMethod(Parameters.java:359)at org.testng.internal.Parameters.createParameters(Parameters.java:620)at org.testng.internal.Parameters.createConfigurationParameters(Parameters.java:190)at org.testng.internal.Invoker.invokeConfigurations(Invoker.java:209)at org.testng.internal.Invoker.invokeConfigurations(Invoker.java:142)at org.testng.TestRunner.beforeRun(TestRunner.java:529)at org.testng.TestRunner.run(TestRunner.java:497)at org.testng.SuiteRunner.runTest(SuiteRunner.java:455)at org.testng.SuiteRunner.runSequentially(SuiteRunner.java:450)at org.testng.SuiteRunner.privateRun(SuiteRunner.java:415)at org.testng.SuiteRunner.run(SuiteRunner.java:364)at org.testng.SuiteRunnerWorker.runSuite(SuiteRunnerWorker.java:52)at org.testng.SuiteRunnerWorker.run(SuiteRunnerWorker.java:84)at org.testng.TestNG.runSuitesSequentially(TestNG.java:1187)at org.testng.TestNG.runSuitesLocally(TestNG.java:1116)at org.testng.TestNG.runSuites(TestNG.java:1028)at org.testng.TestNG.run(TestNG.java:996)at org.testng.remote.AbstractRemoteTestNG.run(AbstractRemoteTestNG.java:114)at org.testng.remote.RemoteTestNG.initAndRun(RemoteTestNG.java:251)at org.testng.remote.RemoteTestNG.main(RemoteTestNG.java:77)]]>
    </failure>
  </testcase> <!-- @BeforeTest verify_launch -->
  <testcase name="verifylogin" time="0.0" classname="com.pagelibrary.com.ranford.TestExecution">
    <skipped/>
  </testcase> <!-- verifylogin -->
  <testcase name="Verify_Admin" time="0.0" classname="com.pagelibrary.com.ranford.TestExecution">
    <skipped/>
  </testcase> <!-- Verify_Admin -->
  <testcase name="excelcontent" time="0.0" classname="com.pagelibrary.com.ranford.TestExecution">
    <skipped/>
  </testcase> <!-- excelcontent -->
  <testcase name="verify_RolesPage" time="0.0" classname="com.pagelibrary.com.ranford.TestExecution">
    <skipped/>
  </testcase> <!-- verify_RolesPage -->
  <testcase name="excelcontent1" time="0.0" classname="com.pagelibrary.com.ranford.TestExecution">
    <skipped/>
  </testcase> <!-- excelcontent1 -->
  <testcase name="Verify_EmployeePage" time="0.0" classname="com.pagelibrary.com.ranford.TestExecution">
    <skipped/>
  </testcase> <!-- Verify_EmployeePage -->
  <testcase name="excelcontent2" time="0.0" classname="com.pagelibrary.com.ranford.TestExecution">
    <skipped/>
  </testcase> <!-- excelcontent2 -->
  <testcase name="Verify_BranchesSearch" time="0.0" classname="com.pagelibrary.com.ranford.TestExecution">
    <ignored/>
  </testcase> <!-- Verify_BranchesSearch -->
</testsuite> <!-- Default test -->
